<?xml version="1.0" encoding="utf-8"?>
<coverage line-rate="0.43189999999999995" branch-rate="0.8" version="1.9" timestamp="1782385874" lines-covered="333" lines-valid="771" branches-covered="16" branches-valid="20">
  <sources>
    <source>C:\Users\aryan\repos\AryanB-Capstone-FlightDex\Backend\src\</source>
  </sources>
  <packages>
    <package name="FlightDex.Booking.Application" line-rate="0.7908" branch-rate="1" complexity="70">
      <classes>
        <class name="FlightDex.Booking.Application.EmailAlreadyInUseException" filename="FlightDex.Booking.Application\BookingExceptions.cs" line-rate="1" branch-rate="1" complexity="1">
          <methods>
            <method name=".ctor" signature="(System.String)" line-rate="1" branch-rate="1" complexity="1">
              <lines>
                <line number="5" hits="1" branch="False" />
              </lines>
            </method>
          </methods>
          <lines>
            <line number="5" hits="1" branch="False" />
          </lines>
        </class>
        <class name="FlightDex.Booking.Application.InvalidCredentialsException" filename="FlightDex.Booking.Application\BookingExceptions.cs" line-rate="1" branch-rate="1" complexity="1">
          <methods>
            <method name=".ctor" signature="()" line-rate="1" branch-rate="1" complexity="1">
              <lines>
                <line number="9" hits="2" branch="False" />
              </lines>
            </method>
          </methods>
          <lines>
            <line number="9" hits="2" branch="False" />
          </lines>
        </class>
        <class name="FlightDex.Booking.Application.DependencyInjection" filename="FlightDex.Booking.Application\DependencyInjection.cs" line-rate="0" branch-rate="1" complexity="1">
          <methods>
            <method name="AddBookingApplication" signature="(Microsoft.Extensions.DependencyInjection.IServiceCollection)" line-rate="0" branch-rate="1" complexity="1">
              <lines>
                <line number="16" hits="0" branch="False" />
                <line number="17" hits="0" branch="False" />
                <line number="18" hits="0" branch="False" />
                <line number="19" hits="0" branch="False" />
                <line number="21" hits="0" branch="False" />
                <line number="22" hits="0" branch="False" />
                <line number="23" hits="0" branch="False" />
                <line number="25" hits="0" branch="False" />
                <line number="26" hits="0" branch="False" />
                <line number="27" hits="0" branch="False" />
                <line number="29" hits="0" branch="False" />
                <line number="30" hits="0" branch="False" />
                <line number="31" hits="0" branch="False" />
                <line number="33" hits="0" branch="False" />
                <line number="34" hits="0" branch="False" />
                <line number="35" hits="0" branch="False" />
                <line number="37" hits="0" branch="False" />
                <line number="38" hits="0" branch="False" />
              </lines>
            </method>
          </methods>
          <lines>
            <line number="16" hits="0" branch="False" />
            <line number="17" hits="0" branch="False" />
            <line number="18" hits="0" branch="False" />
            <line number="19" hits="0" branch="False" />
            <line number="21" hits="0" branch="False" />
            <line number="22" hits="0" branch="False" />
            <line number="23" hits="0" branch="False" />
            <line number="25" hits="0" branch="False" />
            <line number="26" hits="0" branch="False" />
            <line number="27" hits="0" branch="False" />
            <line number="29" hits="0" branch="False" />
            <line number="30" hits="0" branch="False" />
            <line number="31" hits="0" branch="False" />
            <line number="33" hits="0" branch="False" />
            <line number="34" hits="0" branch="False" />
            <line number="35" hits="0" branch="False" />
            <line number="37" hits="0" branch="False" />
            <line number="38" hits="0" branch="False" />
          </lines>
        </class>
        <class name="FlightDex.Booking.Application.Queries.GetMyTickets.GetMyTicketsQuery" filename="FlightDex.Booking.Application\Queries\GetMyTickets\GetMyTicketsQuery.cs" line-rate="1" branch-rate="1" complexity="1">
          <methods>
            <method name="get_UserId" signature="()" line-rate="1" branch-rate="1" complexity="1">
              <lines>
                <line number="7" hits="2" branch="False" />
              </lines>
            </method>
          </methods>
          <lines>
            <line number="7" hits="2" branch="False" />
          </lines>
        </class>
        <class name="FlightDex.Booking.Application.Queries.GetMyTickets.GetMyTicketsQueryHandler" filename="FlightDex.Booking.Application\Queries\GetMyTickets\GetMyTicketsQueryHandler.cs" line-rate="1" branch-rate="1" complexity="1">
          <methods>
            <method name=".ctor" signature="(FlightDex.Booking.Application.Abstractions.ITicketRepository)" line-rate="1" branch-rate="1" complexity="1">
              <lines>
                <line number="7" hits="1" branch="False" />
              </lines>
            </method>
          </methods>
          <lines>
            <line number="7" hits="1" branch="False" />
          </lines>
        </class>
        <class name="FlightDex.Booking.Application.Queries.GetMyTickets.GetMyTicketsQueryHandler/&lt;HandleAsync&gt;d__2" filename="FlightDex.Booking.Application\Queries\GetMyTickets\GetMyTicketsQueryHandler.cs" line-rate="1" branch-rate="1" complexity="1">
          <methods>
            <method name="MoveNext" signature="()" line-rate="1" branch-rate="1" complexity="1">
              <lines>
                <line number="12" hits="1" branch="False" />
                <line number="13" hits="1" branch="False" />
                <line number="14" hits="1" branch="False" />
                <line number="15" hits="1" branch="False" />
              </lines>
            </method>
          </methods>
          <lines>
            <line number="12" hits="1" branch="False" />
            <line number="13" hits="1" branch="False" />
            <line number="14" hits="1" branch="False" />
            <line number="15" hits="1" branch="False" />
          </lines>
        </class>
        <class name="FlightDex.Booking.Application.Dtos.AuthResult" filename="FlightDex.Booking.Application\Dtos\AuthResult.cs" line-rate="0.75" branch-rate="1" complexity="4">
          <methods>
            <method name="get_Token" signature="()" line-rate="1" branch-rate="1" complexity="1">
              <lines>
                <line number="8" hits="2" branch="False" />
              </lines>
            </method>
            <method name="get_ExpiresAtUtc" signature="()" line-rate="0" branch-rate="1" complexity="1">
              <lines>
                <line number="9" hits="0" branch="False" />
              </lines>
            </method>
            <method name="get_User" signature="()" line-rate="1" branch-rate="1" complexity="1">
              <lines>
                <line number="10" hits="4" branch="False" />
              </lines>
            </method>
            <method name=".ctor" signature="(System.String,System.DateTime,FlightDex.Booking.Application.Dtos.UserDto)" line-rate="1" branch-rate="1" complexity="1">
              <lines>
                <line number="7" hits="2" branch="False" />
              </lines>
            </method>
          </methods>
          <lines>
            <line number="8" hits="2" branch="False" />
            <line number="9" hits="0" branch="False" />
            <line number="10" hits="4" branch="False" />
            <line number="7" hits="2" branch="False" />
          </lines>
        </class>
        <class name="FlightDex.Booking.Application.Dtos.TicketDto" filename="FlightDex.Booking.Application\Dtos\TicketDto.cs" line-rate="0.6923" branch-rate="1" complexity="14">
          <methods>
            <method name="get_TicketId" signature="()" line-rate="0" branch-rate="1" complexity="1">
              <lines>
                <line number="10" hits="0" branch="False" />
              </lines>
            </method>
            <method name="get_Date" signature="()" line-rate="1" branch-rate="1" complexity="1">
              <lines>
                <line number="11" hits="1" branch="False" />
              </lines>
            </method>
            <method name="get_Time" signature="()" line-rate="1" branch-rate="1" complexity="1">
              <lines>
                <line number="12" hits="1" branch="False" />
              </lines>
            </method>
            <method name="get_OriginCode" signature="()" line-rate="0" branch-rate="1" complexity="1">
              <lines>
                <line number="13" hits="0" branch="False" />
              </lines>
            </method>
            <method name="get_OriginAirport" signature="()" line-rate="0" branch-rate="1" complexity="1">
              <lines>
                <line number="14" hits="0" branch="False" />
              </lines>
            </method>
            <method name="get_OriginCity" signature="()" line-rate="0" branch-rate="1" complexity="1">
              <lines>
                <line number="15" hits="0" branch="False" />
              </lines>
            </method>
            <method name="get_DestinationCode" signature="()" line-rate="0" branch-rate="1" complexity="1">
              <lines>
                <line number="16" hits="0" branch="False" />
              </lines>
            </method>
            <method name="get_DestinationAirport" signature="()" line-rate="0" branch-rate="1" complexity="1">
              <lines>
                <line number="17" hits="0" branch="False" />
              </lines>
            </method>
            <method name="get_DestinationCity" signature="()" line-rate="0" branch-rate="1" complexity="1">
              <lines>
                <line number="18" hits="0" branch="False" />
              </lines>
            </method>
            <method name="get_FirstName" signature="()" line-rate="1" branch-rate="1" complexity="1">
              <lines>
                <line number="19" hits="3" branch="False" />
              </lines>
            </method>
            <method name="get_LastName" signature="()" line-rate="0" branch-rate="1" complexity="1">
              <lines>
                <line number="20" hits="0" branch="False" />
              </lines>
            </method>
            <method name="get_Age" signature="()" line-rate="1" branch-rate="1" complexity="1">
              <lines>
                <line number="21" hits="3" branch="False" />
              </lines>
            </method>
            <method name="FromDomain" signature="(FlightDex.Booking.Domain.Ticket)" line-rate="1" branch-rate="1" complexity="1">
              <lines>
                <line number="23" hits="3" branch="False" />
                <line number="24" hits="3" branch="False" />
                <line number="25" hits="3" branch="False" />
                <line number="26" hits="3" branch="False" />
                <line number="27" hits="3" branch="False" />
                <line number="28" hits="3" branch="False" />
                <line number="29" hits="3" branch="False" />
                <line number="30" hits="3" branch="False" />
                <line number="31" hits="3" branch="False" />
                <line number="32" hits="3" branch="False" />
                <line number="33" hits="3" branch="False" />
                <line number="34" hits="3" branch="False" />
                <line number="35" hits="3" branch="False" />
              </lines>
            </method>
            <method name=".ctor" signature="(System.Int32,System.String,System.String,System.String,System.String,System.String,System.String,System.String,System.String,System.String,System.String,System.Int32)" line-rate="1" branch-rate="1" complexity="1">
              <lines>
                <line number="9" hits="3" branch="False" />
              </lines>
            </method>
          </methods>
          <lines>
            <line number="10" hits="0" branch="False" />
            <line number="11" hits="1" branch="False" />
            <line number="12" hits="1" branch="False" />
            <line number="13" hits="0" branch="False" />
            <line number="14" hits="0" branch="False" />
            <line number="15" hits="0" branch="False" />
            <line number="16" hits="0" branch="False" />
            <line number="17" hits="0" branch="False" />
            <line number="18" hits="0" branch="False" />
            <line number="19" hits="3" branch="False" />
            <line number="20" hits="0" branch="False" />
            <line number="21" hits="3" branch="False" />
            <line number="23" hits="3" branch="False" />
            <line number="24" hits="3" branch="False" />
            <line number="25" hits="3" branch="False" />
            <line number="26" hits="3" branch="False" />
            <line number="27" hits="3" branch="False" />
            <line number="28" hits="3" branch="False" />
            <line number="29" hits="3" branch="False" />
            <line number="30" hits="3" branch="False" />
            <line number="31" hits="3" branch="False" />
            <line number="32" hits="3" branch="False" />
            <line number="33" hits="3" branch="False" />
            <line number="34" hits="3" branch="False" />
            <line number="35" hits="3" branch="False" />
            <line number="9" hits="3" branch="False" />
          </lines>
        </class>
        <class name="FlightDex.Booking.Application.Dtos.UserDto" filename="FlightDex.Booking.Application\Dtos\UserDto.cs" line-rate="0.5454" branch-rate="1" complexity="9">
          <methods>
            <method name="get_Id" signature="()" line-rate="0" branch-rate="1" complexity="1">
              <lines>
                <line number="7" hits="0" branch="False" />
              </lines>
            </method>
            <method name="get_Email" signature="()" line-rate="1" branch-rate="1" complexity="1">
              <lines>
                <line number="8" hits="2" branch="False" />
              </lines>
            </method>
            <method name="get_FirstName" signature="()" line-rate="0" branch-rate="1" complexity="1">
              <lines>
                <line number="9" hits="0" branch="False" />
              </lines>
            </method>
            <method name="get_LastName" signature="()" line-rate="0" branch-rate="1" complexity="1">
              <lines>
                <line number="10" hits="0" branch="False" />
              </lines>
            </method>
            <method name="get_Age" signature="()" line-rate="0" branch-rate="1" complexity="1">
              <lines>
                <line number="11" hits="0" branch="False" />
              </lines>
            </method>
            <method name="get_IsGovernmentOfficial" signature="()" line-rate="0" branch-rate="1" complexity="1">
              <lines>
                <line number="12" hits="0" branch="False" />
              </lines>
            </method>
            <method name="get_IsLawEnforcementOrMilitary" signature="()" line-rate="1" branch-rate="1" complexity="1">
              <lines>
                <line number="13" hits="2" branch="False" />
              </lines>
            </method>
            <method name="FromDomain" signature="(FlightDex.Booking.Domain.User)" line-rate="1" branch-rate="1" complexity="1">
              <lines>
                <line number="15" hits="2" branch="False" />
                <line number="16" hits="2" branch="False" />
                <line number="17" hits="2" branch="False" />
              </lines>
            </method>
            <method name=".ctor" signature="(System.Int32,System.String,System.String,System.String,System.Int32,System.Boolean,System.Boolean)" line-rate="1" branch-rate="1" complexity="1">
              <lines>
                <line number="6" hits="2" branch="False" />
              </lines>
            </method>
          </methods>
          <lines>
            <line number="7" hits="0" branch="False" />
            <line number="8" hits="2" branch="False" />
            <line number="9" hits="0" branch="False" />
            <line number="10" hits="0" branch="False" />
            <line number="11" hits="0" branch="False" />
            <line number="12" hits="0" branch="False" />
            <line number="13" hits="2" branch="False" />
            <line number="15" hits="2" branch="False" />
            <line number="16" hits="2" branch="False" />
            <line number="17" hits="2" branch="False" />
            <line number="6" hits="2" branch="False" />
          </lines>
        </class>
        <class name="FlightDex.Booking.Application.Commands.RegisterUser.RegisterUserCommand" filename="FlightDex.Booking.Application\Commands\RegisterUser\RegisterUserCommand.cs" line-rate="1" branch-rate="1" complexity="8">
          <methods>
            <method name="get_Email" signature="()" line-rate="1" branch-rate="1" complexity="1">
              <lines>
                <line number="8" hits="2" branch="False" />
              </lines>
            </method>
            <method name="get_FirstName" signature="()" line-rate="1" branch-rate="1" complexity="1">
              <lines>
                <line number="9" hits="1" branch="False" />
              </lines>
            </method>
            <method name="get_LastName" signature="()" line-rate="1" branch-rate="1" complexity="1">
              <lines>
                <line number="10" hits="1" branch="False" />
              </lines>
            </method>
            <method name="get_Age" signature="()" line-rate="1" branch-rate="1" complexity="1">
              <lines>
                <line number="11" hits="1" branch="False" />
              </lines>
            </method>
            <method name="get_IsGovernmentOfficial" signature="()" line-rate="1" branch-rate="1" complexity="1">
              <lines>
                <line number="12" hits="1" branch="False" />
              </lines>
            </method>
            <method name="get_IsLawEnforcementOrMilitary" signature="()" line-rate="1" branch-rate="1" complexity="1">
              <lines>
                <line number="13" hits="1" branch="False" />
              </lines>
            </method>
            <method name="get_Password" signature="()" line-rate="1" branch-rate="1" complexity="1">
              <lines>
                <line number="14" hits="3" branch="False" />
              </lines>
            </method>
            <method name=".ctor" signature="(System.String,System.String,System.String,System.Int32,System.Boolean,System.Boolean,System.String)" line-rate="1" branch-rate="1" complexity="1">
              <lines>
                <line number="7" hits="2" branch="False" />
              </lines>
            </method>
          </methods>
          <lines>
            <line number="8" hits="2" branch="False" />
            <line number="9" hits="1" branch="False" />
            <line number="10" hits="1" branch="False" />
            <line number="11" hits="1" branch="False" />
            <line number="12" hits="1" branch="False" />
            <line number="13" hits="1" branch="False" />
            <line number="14" hits="3" branch="False" />
            <line number="7" hits="2" branch="False" />
          </lines>
        </class>
        <class name="FlightDex.Booking.Application.Commands.RegisterUser.RegisterUserCommandHandler" filename="FlightDex.Booking.Application\Commands\RegisterUser\RegisterUserCommandHandler.cs" line-rate="1" branch-rate="1" complexity="1">
          <methods>
            <method name=".ctor" signature="(FlightDex.Booking.Application.Abstractions.IUserRepository,FlightDex.Booking.Application.Abstractions.IPasswordHasher,FlightDex.Booking.Application.Abstractions.IJwtTokenService)" line-rate="1" branch-rate="1" complexity="1">
              <lines>
                <line number="8" hits="2" branch="False" />
                <line number="9" hits="2" branch="False" />
                <line number="10" hits="2" branch="False" />
                <line number="11" hits="2" branch="False" />
              </lines>
            </method>
          </methods>
          <lines>
            <line number="8" hits="2" branch="False" />
            <line number="9" hits="2" branch="False" />
            <line number="10" hits="2" branch="False" />
            <line number="11" hits="2" branch="False" />
          </lines>
        </class>
        <class name="FlightDex.Booking.Application.Commands.RegisterUser.RegisterUserCommandHandler/&lt;HandleAsync&gt;d__4" filename="FlightDex.Booking.Application\Commands\RegisterUser\RegisterUserCommandHandler.cs" line-rate="1" branch-rate="1" complexity="2">
          <methods>
            <method name="MoveNext" signature="()" line-rate="1" branch-rate="1" complexity="2">
              <lines>
                <line number="14" hits="2" branch="False" />
                <line number="15" hits="2" branch="False" />
                <line number="17" hits="2" branch="True" condition-coverage="100% (2/2)">
                  <conditions>
                    <condition number="185" type="jump" coverage="100%" />
                  </conditions>
                </line>
                <line number="18" hits="1" branch="False" />
                <line number="20" hits="1" branch="False" />
                <line number="22" hits="1" branch="False" />
                <line number="23" hits="1" branch="False" />
                <line number="24" hits="1" branch="False" />
                <line number="25" hits="1" branch="False" />
                <line number="26" hits="1" branch="False" />
                <line number="27" hits="1" branch="False" />
                <line number="28" hits="1" branch="False" />
                <line number="29" hits="1" branch="False" />
                <line number="30" hits="1" branch="False" />
                <line number="32" hits="1" branch="False" />
                <line number="34" hits="1" branch="False" />
                <line number="35" hits="1" branch="False" />
                <line number="36" hits="1" branch="False" />
              </lines>
            </method>
          </methods>
          <lines>
            <line number="14" hits="2" branch="False" />
            <line number="15" hits="2" branch="False" />
            <line number="17" hits="2" branch="True" condition-coverage="100% (2/2)">
              <conditions>
                <condition number="185" type="jump" coverage="100%" />
              </conditions>
            </line>
            <line number="18" hits="1" branch="False" />
            <line number="20" hits="1" branch="False" />
            <line number="22" hits="1" branch="False" />
            <line number="23" hits="1" branch="False" />
            <line number="24" hits="1" branch="False" />
            <line number="25" hits="1" branch="False" />
            <line number="26" hits="1" branch="False" />
            <line number="27" hits="1" branch="False" />
            <line number="28" hits="1" branch="False" />
            <line number="29" hits="1" branch="False" />
            <line number="30" hits="1" branch="False" />
            <line number="32" hits="1" branch="False" />
            <line number="34" hits="1" branch="False" />
            <line number="35" hits="1" branch="False" />
            <line number="36" hits="1" branch="False" />
          </lines>
        </class>
        <class name="FlightDex.Booking.Application.Commands.Login.LoginCommand" filename="FlightDex.Booking.Application\Commands\Login\LoginCommand.cs" line-rate="1" branch-rate="1" complexity="1">
          <methods>
            <method name="get_Email" signature="()" line-rate="1" branch-rate="1" complexity="1">
              <lines>
                <line number="7" hits="8" branch="False" />
              </lines>
            </method>
          </methods>
          <lines>
            <line number="7" hits="8" branch="False" />
          </lines>
        </class>
        <class name="FlightDex.Booking.Application.Commands.Login.LoginCommandHandler" filename="FlightDex.Booking.Application\Commands\Login\LoginCommandHandler.cs" line-rate="1" branch-rate="1" complexity="1">
          <methods>
            <method name=".ctor" signature="(FlightDex.Booking.Application.Abstractions.IUserRepository,FlightDex.Booking.Application.Abstractions.IPasswordHasher,FlightDex.Booking.Application.Abstractions.IJwtTokenService)" line-rate="1" branch-rate="1" complexity="1">
              <lines>
                <line number="7" hits="3" branch="False" />
                <line number="8" hits="3" branch="False" />
                <line number="9" hits="3" branch="False" />
                <line number="10" hits="3" branch="False" />
              </lines>
            </method>
          </methods>
          <lines>
            <line number="7" hits="3" branch="False" />
            <line number="8" hits="3" branch="False" />
            <line number="9" hits="3" branch="False" />
            <line number="10" hits="3" branch="False" />
          </lines>
        </class>
        <class name="FlightDex.Booking.Application.Commands.Login.LoginCommandHandler/&lt;HandleAsync&gt;d__4" filename="FlightDex.Booking.Application\Commands\Login\LoginCommandHandler.cs" line-rate="1" branch-rate="1" complexity="4">
          <methods>
            <method name="MoveNext" signature="()" line-rate="1" branch-rate="1" complexity="4">
              <lines>
                <line number="13" hits="3" branch="False" />
                <line number="14" hits="3" branch="False" />
                <line number="15" hits="3" branch="False" />
                <line number="19" hits="3" branch="True" condition-coverage="100% (4/4)">
                  <conditions>
                    <condition number="190" type="jump" coverage="100%" />
                    <condition number="251" type="jump" coverage="100%" />
                  </conditions>
                </line>
                <line number="20" hits="2" branch="False" />
                <line number="22" hits="1" branch="False" />
                <line number="23" hits="1" branch="False" />
                <line number="24" hits="1" branch="False" />
              </lines>
            </method>
          </methods>
          <lines>
            <line number="13" hits="3" branch="False" />
            <line number="14" hits="3" branch="False" />
            <line number="15" hits="3" branch="False" />
            <line number="19" hits="3" branch="True" condition-coverage="100% (4/4)">
              <conditions>
                <condition number="190" type="jump" coverage="100%" />
                <condition number="251" type="jump" coverage="100%" />
              </conditions>
            </line>
            <line number="20" hits="2" branch="False" />
            <line number="22" hits="1" branch="False" />
            <line number="23" hits="1" branch="False" />
            <line number="24" hits="1" branch="False" />
          </lines>
        </class>
        <class name="FlightDex.Booking.Application.Commands.CancelTicket.CancelTicketCommand" filename="FlightDex.Booking.Application\Commands\CancelTicket\CancelTicketCommand.cs" line-rate="1" branch-rate="1" complexity="1">
          <methods>
            <method name="get_UserId" signature="()" line-rate="1" branch-rate="1" complexity="1">
              <lines>
                <line number="9" hits="8" branch="False" />
              </lines>
            </method>
          </methods>
          <lines>
            <line number="9" hits="8" branch="False" />
          </lines>
        </class>
        <class name="FlightDex.Booking.Application.Commands.CancelTicket.CancelTicketCommandHandler" filename="FlightDex.Booking.Application\Commands\CancelTicket\CancelTicketCommandHandler.cs" line-rate="1" branch-rate="1" complexity="1">
          <methods>
            <method name=".ctor" signature="(FlightDex.Booking.Application.Abstractions.ITicketRepository)" line-rate="1" branch-rate="1" complexity="1">
              <lines>
                <line number="6" hits="3" branch="False" />
              </lines>
            </method>
          </methods>
          <lines>
            <line number="6" hits="3" branch="False" />
          </lines>
        </class>
        <class name="FlightDex.Booking.Application.Commands.CancelTicket.CancelTicketCommandHandler/&lt;HandleAsync&gt;d__2" filename="FlightDex.Booking.Application\Commands\CancelTicket\CancelTicketCommandHandler.cs" line-rate="1" branch-rate="1" complexity="4">
          <methods>
            <method name="MoveNext" signature="()" line-rate="1" branch-rate="1" complexity="4">
              <lines>
                <line number="10" hits="3" branch="False" />
                <line number="11" hits="3" branch="False" />
                <line number="14" hits="3" branch="True" condition-coverage="100% (4/4)">
                  <conditions>
                    <condition number="179" type="jump" coverage="100%" />
                    <condition number="215" type="jump" coverage="100%" />
                  </conditions>
                </line>
                <line number="15" hits="2" branch="False" />
                <line number="17" hits="1" branch="False" />
                <line number="18" hits="1" branch="False" />
                <line number="19" hits="3" branch="False" />
              </lines>
            </method>
          </methods>
          <lines>
            <line number="10" hits="3" branch="False" />
            <line number="11" hits="3" branch="False" />
            <line number="14" hits="3" branch="True" condition-coverage="100% (4/4)">
              <conditions>
                <condition number="179" type="jump" coverage="100%" />
                <condition number="215" type="jump" coverage="100%" />
              </conditions>
            </line>
            <line number="15" hits="2" branch="False" />
            <line number="17" hits="1" branch="False" />
            <line number="18" hits="1" branch="False" />
            <line number="19" hits="3" branch="False" />
          </lines>
        </class>
        <class name="FlightDex.Booking.Application.Commands.BookTicket.BookTicketCommand" filename="FlightDex.Booking.Application\Commands\BookTicket\BookTicketCommand.cs" line-rate="1" branch-rate="1" complexity="10">
          <methods>
            <method name="get_UserId" signature="()" line-rate="1" branch-rate="1" complexity="1">
              <lines>
                <line number="11" hits="3" branch="False" />
              </lines>
            </method>
            <method name="get_Date" signature="()" line-rate="1" branch-rate="1" complexity="1">
              <lines>
                <line number="12" hits="1" branch="False" />
              </lines>
            </method>
            <method name="get_Time" signature="()" line-rate="1" branch-rate="1" complexity="1">
              <lines>
                <line number="13" hits="1" branch="False" />
              </lines>
            </method>
            <method name="get_OriginCode" signature="()" line-rate="1" branch-rate="1" complexity="1">
              <lines>
                <line number="14" hits="1" branch="False" />
              </lines>
            </method>
            <method name="get_OriginAirport" signature="()" line-rate="1" branch-rate="1" complexity="1">
              <lines>
                <line number="15" hits="1" branch="False" />
              </lines>
            </method>
            <method name="get_OriginCity" signature="()" line-rate="1" branch-rate="1" complexity="1">
              <lines>
                <line number="16" hits="1" branch="False" />
              </lines>
            </method>
            <method name="get_DestinationCode" signature="()" line-rate="1" branch-rate="1" complexity="1">
              <lines>
                <line number="17" hits="1" branch="False" />
              </lines>
            </method>
            <method name="get_DestinationAirport" signature="()" line-rate="1" branch-rate="1" complexity="1">
              <lines>
                <line number="18" hits="1" branch="False" />
              </lines>
            </method>
            <method name="get_DestinationCity" signature="()" line-rate="1" branch-rate="1" complexity="1">
              <lines>
                <line number="19" hits="3" branch="False" />
              </lines>
            </method>
            <method name=".ctor" signature="(System.Int32,System.DateOnly,System.TimeOnly,System.String,System.String,System.String,System.String,System.String,System.String)" line-rate="1" branch-rate="1" complexity="1">
              <lines>
                <line number="10" hits="2" branch="False" />
              </lines>
            </method>
          </methods>
          <lines>
            <line number="11" hits="3" branch="False" />
            <line number="12" hits="1" branch="False" />
            <line number="13" hits="1" branch="False" />
            <line number="14" hits="1" branch="False" />
            <line number="15" hits="1" branch="False" />
            <line number="16" hits="1" branch="False" />
            <line number="17" hits="1" branch="False" />
            <line number="18" hits="1" branch="False" />
            <line number="19" hits="3" branch="False" />
            <line number="10" hits="2" branch="False" />
          </lines>
        </class>
        <class name="FlightDex.Booking.Application.Commands.BookTicket.BookTicketCommandHandler" filename="FlightDex.Booking.Application\Commands\BookTicket\BookTicketCommandHandler.cs" line-rate="1" branch-rate="1" complexity="1">
          <methods>
            <method name=".ctor" signature="(FlightDex.Booking.Application.Abstractions.IUserRepository,FlightDex.Booking.Application.Abstractions.ITicketRepository)" line-rate="1" branch-rate="1" complexity="1">
              <lines>
                <line number="8" hits="2" branch="False" />
                <line number="9" hits="2" branch="False" />
                <line number="10" hits="2" branch="False" />
              </lines>
            </method>
          </methods>
          <lines>
            <line number="8" hits="2" branch="False" />
            <line number="9" hits="2" branch="False" />
            <line number="10" hits="2" branch="False" />
          </lines>
        </class>
        <class name="FlightDex.Booking.Application.Commands.BookTicket.BookTicketCommandHandler/&lt;HandleAsync&gt;d__3" filename="FlightDex.Booking.Application\Commands\BookTicket\BookTicketCommandHandler.cs" line-rate="1" branch-rate="1" complexity="2">
          <methods>
            <method name="MoveNext" signature="()" line-rate="1" branch-rate="1" complexity="2">
              <lines>
                <line number="13" hits="2" branch="False" />
                <line number="14" hits="2" branch="True" condition-coverage="100% (2/2)">
                  <conditions>
                    <condition number="162" type="jump" coverage="100%" />
                  </conditions>
                </line>
                <line number="15" hits="2" branch="False" />
                <line number="17" hits="1" branch="False" />
                <line number="18" hits="1" branch="False" />
                <line number="19" hits="1" branch="False" />
                <line number="20" hits="1" branch="False" />
                <line number="21" hits="1" branch="False" />
                <line number="22" hits="1" branch="False" />
                <line number="23" hits="1" branch="False" />
                <line number="24" hits="1" branch="False" />
                <line number="25" hits="1" branch="False" />
                <line number="26" hits="1" branch="False" />
                <line number="27" hits="1" branch="False" />
                <line number="28" hits="1" branch="False" />
                <line number="29" hits="1" branch="False" />
                <line number="30" hits="1" branch="False" />
                <line number="32" hits="1" branch="False" />
                <line number="33" hits="1" branch="False" />
                <line number="34" hits="1" branch="False" />
              </lines>
            </method>
          </methods>
          <lines>
            <line number="13" hits="2" branch="False" />
            <line number="14" hits="2" branch="True" condition-coverage="100% (2/2)">
              <conditions>
                <condition number="162" type="jump" coverage="100%" />
              </conditions>
            </line>
            <line number="15" hits="2" branch="False" />
            <line number="17" hits="1" branch="False" />
            <line number="18" hits="1" branch="False" />
            <line number="19" hits="1" branch="False" />
            <line number="20" hits="1" branch="False" />
            <line number="21" hits="1" branch="False" />
            <line number="22" hits="1" branch="False" />
            <line number="23" hits="1" branch="False" />
            <line number="24" hits="1" branch="False" />
            <line number="25" hits="1" branch="False" />
            <line number="26" hits="1" branch="False" />
            <line number="27" hits="1" branch="False" />
            <line number="28" hits="1" branch="False" />
            <line number="29" hits="1" branch="False" />
            <line number="30" hits="1" branch="False" />
            <line number="32" hits="1" branch="False" />
            <line number="33" hits="1" branch="False" />
            <line number="34" hits="1" branch="False" />
          </lines>
        </class>
        <class name="FlightDex.Booking.Application.Abstractions.AccessToken" filename="FlightDex.Booking.Application\Abstractions\IJwtTokenService.cs" line-rate="1" branch-rate="1" complexity="1">
          <methods>
            <method name="get_Token" signature="()" line-rate="1" branch-rate="1" complexity="1">
              <lines>
                <line number="12" hits="11" branch="False" />
              </lines>
            </method>
          </methods>
          <lines>
            <line number="12" hits="11" branch="False" />
          </lines>
        </class>
      </classes>
    </package>
    <package name="FlightDex.Booking.Domain" line-rate="0.9714" branch-rate="1" complexity="26">
      <classes>
        <class name="FlightDex.Booking.Domain.Ticket" filename="FlightDex.Booking.Domain\Ticket.cs" line-rate="0.9756" branch-rate="1" complexity="15">
          <methods>
            <method name="get_Id" signature="()" line-rate="1" branch-rate="1" complexity="1">
              <lines>
                <line number="10" hits="3" branch="False" />
              </lines>
            </method>
            <method name="get_UserId" signature="()" line-rate="1" branch-rate="1" complexity="1">
              <lines>
                <line number="13" hits="7" branch="False" />
              </lines>
            </method>
            <method name="get_Date" signature="()" line-rate="1" branch-rate="1" complexity="1">
              <lines>
                <line number="15" hits="8" branch="False" />
              </lines>
            </method>
            <method name="get_Time" signature="()" line-rate="1" branch-rate="1" complexity="1">
              <lines>
                <line number="16" hits="8" branch="False" />
              </lines>
            </method>
            <method name="get_OriginCode" signature="()" line-rate="1" branch-rate="1" complexity="1">
              <lines>
                <line number="18" hits="14" branch="False" />
              </lines>
            </method>
            <method name="get_OriginAirport" signature="()" line-rate="1" branch-rate="1" complexity="1">
              <lines>
                <line number="19" hits="13" branch="False" />
              </lines>
            </method>
            <method name="get_OriginCity" signature="()" line-rate="1" branch-rate="1" complexity="1">
              <lines>
                <line number="20" hits="13" branch="False" />
              </lines>
            </method>
            <method name="get_DestinationCode" signature="()" line-rate="1" branch-rate="1" complexity="1">
              <lines>
                <line number="22" hits="14" branch="False" />
              </lines>
            </method>
            <method name="get_DestinationAirport" signature="()" line-rate="1" branch-rate="1" complexity="1">
              <lines>
                <line number="23" hits="13" branch="False" />
              </lines>
            </method>
            <method name="get_DestinationCity" signature="()" line-rate="1" branch-rate="1" complexity="1">
              <lines>
                <line number="24" hits="13" branch="False" />
              </lines>
            </method>
            <method name="get_FirstName" signature="()" line-rate="1" branch-rate="1" complexity="1">
              <lines>
                <line number="26" hits="14" branch="False" />
              </lines>
            </method>
            <method name="get_LastName" signature="()" line-rate="1" branch-rate="1" complexity="1">
              <lines>
                <line number="27" hits="14" branch="False" />
              </lines>
            </method>
            <method name="get_Age" signature="()" line-rate="1" branch-rate="1" complexity="1">
              <lines>
                <line number="28" hits="9" branch="False" />
              </lines>
            </method>
            <method name=".ctor" signature="()" line-rate="0" branch-rate="1" complexity="1">
              <lines>
                <line number="30" hits="0" branch="False" />
              </lines>
            </method>
            <method name=".ctor" signature="(System.Int32,System.DateOnly,System.TimeOnly,System.String,System.String,System.String,System.String,System.String,System.String,System.String,System.String,System.Int32)" line-rate="1" branch-rate="1" complexity="1">
              <lines>
                <line number="32" hits="5" branch="False" />
                <line number="33" hits="5" branch="False" />
                <line number="34" hits="5" branch="False" />
                <line number="35" hits="5" branch="False" />
                <line number="36" hits="5" branch="False" />
                <line number="37" hits="5" branch="False" />
                <line number="38" hits="5" branch="False" />
                <line number="39" hits="5" branch="False" />
                <line number="40" hits="5" branch="False" />
                <line number="41" hits="5" branch="False" />
                <line number="42" hits="5" branch="False" />
                <line number="43" hits="5" branch="False" />
                <line number="44" hits="5" branch="False" />
                <line number="45" hits="5" branch="False" />
                <line number="46" hits="5" branch="False" />
                <line number="47" hits="5" branch="False" />
                <line number="48" hits="5" branch="False" />
                <line number="49" hits="5" branch="False" />
                <line number="50" hits="5" branch="False" />
                <line number="51" hits="5" branch="False" />
                <line number="52" hits="5" branch="False" />
                <line number="53" hits="5" branch="False" />
                <line number="54" hits="5" branch="False" />
                <line number="55" hits="5" branch="False" />
                <line number="56" hits="5" branch="False" />
                <line number="57" hits="5" branch="False" />
                <line number="58" hits="5" branch="False" />
              </lines>
            </method>
          </methods>
          <lines>
            <line number="10" hits="3" branch="False" />
            <line number="13" hits="7" branch="False" />
            <line number="15" hits="8" branch="False" />
            <line number="16" hits="8" branch="False" />
            <line number="18" hits="14" branch="False" />
            <line number="19" hits="13" branch="False" />
            <line number="20" hits="13" branch="False" />
            <line number="22" hits="14" branch="False" />
            <line number="23" hits="13" branch="False" />
            <line number="24" hits="13" branch="False" />
            <line number="26" hits="14" branch="False" />
            <line number="27" hits="14" branch="False" />
            <line number="28" hits="9" branch="False" />
            <line number="30" hits="0" branch="False" />
            <line number="32" hits="5" branch="False" />
            <line number="33" hits="5" branch="False" />
            <line number="34" hits="5" branch="False" />
            <line number="35" hits="5" branch="False" />
            <line number="36" hits="5" branch="False" />
            <line number="37" hits="5" branch="False" />
            <line number="38" hits="5" branch="False" />
            <line number="39" hits="5" branch="False" />
            <line number="40" hits="5" branch="False" />
            <line number="41" hits="5" branch="False" />
            <line number="42" hits="5" branch="False" />
            <line number="43" hits="5" branch="False" />
            <line number="44" hits="5" branch="False" />
            <line number="45" hits="5" branch="False" />
            <line number="46" hits="5" branch="False" />
            <line number="47" hits="5" branch="False" />
            <line number="48" hits="5" branch="False" />
            <line number="49" hits="5" branch="False" />
            <line number="50" hits="5" branch="False" />
            <line number="51" hits="5" branch="False" />
            <line number="52" hits="5" branch="False" />
            <line number="53" hits="5" branch="False" />
            <line number="54" hits="5" branch="False" />
            <line number="55" hits="5" branch="False" />
            <line number="56" hits="5" branch="False" />
            <line number="57" hits="5" branch="False" />
            <line number="58" hits="5" branch="False" />
          </lines>
        </class>
        <class name="FlightDex.Booking.Domain.User" filename="FlightDex.Booking.Domain\User.cs" line-rate="0.9655" branch-rate="1" complexity="11">
          <methods>
            <method name="get_Id" signature="()" line-rate="1" branch-rate="1" complexity="1">
              <lines>
                <line number="10" hits="5" branch="False" />
              </lines>
            </method>
            <method name="get_Email" signature="()" line-rate="1" branch-rate="1" complexity="1">
              <lines>
                <line number="12" hits="17" branch="False" />
              </lines>
            </method>
            <method name="get_FirstName" signature="()" line-rate="1" branch-rate="1" complexity="1">
              <lines>
                <line number="13" hits="17" branch="False" />
              </lines>
            </method>
            <method name="get_LastName" signature="()" line-rate="1" branch-rate="1" complexity="1">
              <lines>
                <line number="14" hits="17" branch="False" />
              </lines>
            </method>
            <method name="get_Age" signature="()" line-rate="1" branch-rate="1" complexity="1">
              <lines>
                <line number="15" hits="9" branch="False" />
              </lines>
            </method>
            <method name="get_IsGovernmentOfficial" signature="()" line-rate="1" branch-rate="1" complexity="1">
              <lines>
                <line number="17" hits="8" branch="False" />
              </lines>
            </method>
            <method name="get_IsLawEnforcementOrMilitary" signature="()" line-rate="1" branch-rate="1" complexity="1">
              <lines>
                <line number="18" hits="8" branch="False" />
              </lines>
            </method>
            <method name="get_PasswordHash" signature="()" line-rate="1" branch-rate="1" complexity="1">
              <lines>
                <line number="21" hits="15" branch="False" />
              </lines>
            </method>
            <method name="get_PasswordSalt" signature="()" line-rate="1" branch-rate="1" complexity="1">
              <lines>
                <line number="24" hits="15" branch="False" />
              </lines>
            </method>
            <method name=".ctor" signature="()" line-rate="0" branch-rate="1" complexity="1">
              <lines>
                <line number="26" hits="0" branch="False" />
              </lines>
            </method>
            <method name=".ctor" signature="(System.String,System.String,System.String,System.Int32,System.Boolean,System.Boolean,System.String,System.String)" line-rate="1" branch-rate="1" complexity="1">
              <lines>
                <line number="28" hits="6" branch="False" />
                <line number="29" hits="6" branch="False" />
                <line number="30" hits="6" branch="False" />
                <line number="31" hits="6" branch="False" />
                <line number="32" hits="6" branch="False" />
                <line number="33" hits="6" branch="False" />
                <line number="34" hits="6" branch="False" />
                <line number="35" hits="6" branch="False" />
                <line number="36" hits="6" branch="False" />
                <line number="37" hits="6" branch="False" />
                <line number="38" hits="6" branch="False" />
                <line number="39" hits="6" branch="False" />
                <line number="40" hits="6" branch="False" />
                <line number="41" hits="6" branch="False" />
                <line number="42" hits="6" branch="False" />
                <line number="43" hits="6" branch="False" />
                <line number="44" hits="6" branch="False" />
                <line number="45" hits="6" branch="False" />
                <line number="46" hits="6" branch="False" />
              </lines>
            </method>
          </methods>
          <lines>
            <line number="10" hits="5" branch="False" />
            <line number="12" hits="17" branch="False" />
            <line number="13" hits="17" branch="False" />
            <line number="14" hits="17" branch="False" />
            <line number="15" hits="9" branch="False" />
            <line number="17" hits="8" branch="False" />
            <line number="18" hits="8" branch="False" />
            <line number="21" hits="15" branch="False" />
            <line number="24" hits="15" branch="False" />
            <line number="26" hits="0" branch="False" />
            <line number="28" hits="6" branch="False" />
            <line number="29" hits="6" branch="False" />
            <line number="30" hits="6" branch="False" />
            <line number="31" hits="6" branch="False" />
            <line number="32" hits="6" branch="False" />
            <line number="33" hits="6" branch="False" />
            <line number="34" hits="6" branch="False" />
            <line number="35" hits="6" branch="False" />
            <line number="36" hits="6" branch="False" />
            <line number="37" hits="6" branch="False" />
            <line number="38" hits="6" branch="False" />
            <line number="39" hits="6" branch="False" />
            <line number="40" hits="6" branch="False" />
            <line number="41" hits="6" branch="False" />
            <line number="42" hits="6" branch="False" />
            <line number="43" hits="6" branch="False" />
            <line number="44" hits="6" branch="False" />
            <line number="45" hits="6" branch="False" />
            <line number="46" hits="6" branch="False" />
          </lines>
        </class>
      </classes>
    </package>
    <package name="FlightDex.Booking.Infrastructure" line-rate="0.115" branch-rate="0" complexity="33">
      <classes>
        <class name="FlightDex.Booking.Infrastructure.DependencyInjection" filename="FlightDex.Booking.Infrastructure\DependencyInjection.cs" line-rate="0" branch-rate="0" complexity="2">
          <methods>
            <method name="AddBookingInfrastructure" signature="(Microsoft.Extensions.DependencyInjection.IServiceCollection,Microsoft.Extensions.Configuration.IConfiguration)" line-rate="0" branch-rate="0" complexity="2">
              <lines>
                <line number="24" hits="0" branch="False" />
                <line number="25" hits="0" branch="True" condition-coverage="0% (0/2)">
                  <conditions>
                    <condition number="20" type="jump" coverage="0%" />
                  </conditions>
                </line>
                <line number="26" hits="0" branch="False" />
                <line number="27" hits="0" branch="False" />
                <line number="29" hits="0" branch="False" />
                <line number="31" hits="0" branch="False" />
                <line number="33" hits="0" branch="False" />
                <line number="34" hits="0" branch="False" />
                <line number="35" hits="0" branch="False" />
                <line number="36" hits="0" branch="False" />
                <line number="38" hits="0" branch="False" />
                <line number="39" hits="0" branch="False" />
              </lines>
            </method>
          </methods>
          <lines>
            <line number="24" hits="0" branch="False" />
            <line number="25" hits="0" branch="True" condition-coverage="0% (0/2)">
              <conditions>
                <condition number="20" type="jump" coverage="0%" />
              </conditions>
            </line>
            <line number="26" hits="0" branch="False" />
            <line number="27" hits="0" branch="False" />
            <line number="29" hits="0" branch="False" />
            <line number="31" hits="0" branch="False" />
            <line number="33" hits="0" branch="False" />
            <line number="34" hits="0" branch="False" />
            <line number="35" hits="0" branch="False" />
            <line number="36" hits="0" branch="False" />
            <line number="38" hits="0" branch="False" />
            <line number="39" hits="0" branch="False" />
          </lines>
        </class>
        <class name="FlightDex.Booking.Infrastructure.Security.JwtOptions" filename="FlightDex.Booking.Infrastructure\Security\JwtOptions.cs" line-rate="1" branch-rate="1" complexity="4">
          <methods>
            <method name="get_Issuer" signature="()" line-rate="1" branch-rate="1" complexity="1">
              <lines>
                <line number="11" hits="4" branch="False" />
              </lines>
            </method>
            <method name="get_Audience" signature="()" line-rate="1" branch-rate="1" complexity="1">
              <lines>
                <line number="12" hits="4" branch="False" />
              </lines>
            </method>
            <method name="get_Key" signature="()" line-rate="1" branch-rate="1" complexity="1">
              <lines>
                <line number="15" hits="4" branch="False" />
              </lines>
            </method>
            <method name="get_ExpiryMinutes" signature="()" line-rate="1" branch-rate="1" complexity="1">
              <lines>
                <line number="17" hits="4" branch="False" />
              </lines>
            </method>
          </methods>
          <lines>
            <line number="11" hits="4" branch="False" />
            <line number="12" hits="4" branch="False" />
            <line number="15" hits="4" branch="False" />
            <line number="17" hits="4" branch="False" />
          </lines>
        </class>
        <class name="FlightDex.Booking.Infrastructure.Security.JwtTokenService" filename="FlightDex.Booking.Infrastructure\Security\JwtTokenService.cs" line-rate="1" branch-rate="1" complexity="2">
          <methods>
            <method name="Create" signature="(FlightDex.Booking.Domain.User)" line-rate="1" branch-rate="1" complexity="1">
              <lines>
                <line number="17" hits="2" branch="False" />
                <line number="18" hits="2" branch="False" />
                <line number="20" hits="2" branch="False" />
                <line number="21" hits="2" branch="False" />
                <line number="22" hits="2" branch="False" />
                <line number="23" hits="2" branch="False" />
                <line number="24" hits="2" branch="False" />
                <line number="25" hits="2" branch="False" />
                <line number="26" hits="2" branch="False" />
                <line number="27" hits="2" branch="False" />
                <line number="28" hits="2" branch="False" />
                <line number="30" hits="2" branch="False" />
                <line number="31" hits="2" branch="False" />
                <line number="33" hits="2" branch="False" />
                <line number="34" hits="2" branch="False" />
                <line number="35" hits="2" branch="False" />
                <line number="36" hits="2" branch="False" />
                <line number="37" hits="2" branch="False" />
                <line number="38" hits="2" branch="False" />
                <line number="39" hits="2" branch="False" />
                <line number="41" hits="2" branch="False" />
                <line number="42" hits="2" branch="False" />
                <line number="43" hits="2" branch="False" />
              </lines>
            </method>
            <method name=".ctor" signature="(Microsoft.Extensions.Options.IOptions`1&lt;FlightDex.Booking.Infrastructure.Security.JwtOptions&gt;)" line-rate="1" branch-rate="1" complexity="1">
              <lines>
                <line number="12" hits="2" branch="False" />
                <line number="14" hits="2" branch="False" />
              </lines>
            </method>
          </methods>
          <lines>
            <line number="17" hits="2" branch="False" />
            <line number="18" hits="2" branch="False" />
            <line number="20" hits="2" branch="False" />
            <line number="21" hits="2" branch="False" />
            <line number="22" hits="2" branch="False" />
            <line number="23" hits="2" branch="False" />
            <line number="24" hits="2" branch="False" />
            <line number="25" hits="2" branch="False" />
            <line number="26" hits="2" branch="False" />
            <line number="27" hits="2" branch="False" />
            <line number="28" hits="2" branch="False" />
            <line number="30" hits="2" branch="False" />
            <line number="31" hits="2" branch="False" />
            <line number="33" hits="2" branch="False" />
            <line number="34" hits="2" branch="False" />
            <line number="35" hits="2" branch="False" />
            <line number="36" hits="2" branch="False" />
            <line number="37" hits="2" branch="False" />
            <line number="38" hits="2" branch="False" />
            <line number="39" hits="2" branch="False" />
            <line number="41" hits="2" branch="False" />
            <line number="42" hits="2" branch="False" />
            <line number="43" hits="2" branch="False" />
            <line number="12" hits="2" branch="False" />
            <line number="14" hits="2" branch="False" />
          </lines>
        </class>
        <class name="FlightDex.Booking.Infrastructure.Security.Pbkdf2PasswordHasher" filename="FlightDex.Booking.Infrastructure\Security\Pbkdf2PasswordHasher.cs" line-rate="1" branch-rate="1" complexity="3">
          <methods>
            <method name="Hash" signature="(System.String)" line-rate="1" branch-rate="1" complexity="1">
              <lines>
                <line number="18" hits="4" branch="False" />
                <line number="19" hits="4" branch="False" />
                <line number="20" hits="4" branch="False" />
                <line number="21" hits="4" branch="False" />
                <line number="22" hits="4" branch="False" />
              </lines>
            </method>
            <method name="Verify" signature="(System.String,System.String,System.String)" line-rate="1" branch-rate="1" complexity="1">
              <lines>
                <line number="25" hits="3" branch="False" />
                <line number="28" hits="3" branch="False" />
                <line number="29" hits="3" branch="False" />
                <line number="30" hits="2" branch="False" />
                <line number="31" hits="2" branch="False" />
                <line number="32" hits="1" branch="False" />
                <line number="33" hits="1" branch="False" />
                <line number="34" hits="1" branch="False" />
                <line number="37" hits="2" branch="False" />
                <line number="38" hits="2" branch="False" />
                <line number="39" hits="3" branch="False" />
              </lines>
            </method>
            <method name=".cctor" signature="()" line-rate="1" branch-rate="1" complexity="1">
              <lines>
                <line number="15" hits="1" branch="False" />
              </lines>
            </method>
          </methods>
          <lines>
            <line number="18" hits="4" branch="False" />
            <line number="19" hits="4" branch="False" />
            <line number="20" hits="4" branch="False" />
            <line number="21" hits="4" branch="False" />
            <line number="22" hits="4" branch="False" />
            <line number="25" hits="3" branch="False" />
            <line number="28" hits="3" branch="False" />
            <line number="29" hits="3" branch="False" />
            <line number="30" hits="2" branch="False" />
            <line number="31" hits="2" branch="False" />
            <line number="32" hits="1" branch="False" />
            <line number="33" hits="1" branch="False" />
            <line number="34" hits="1" branch="False" />
            <line number="37" hits="2" branch="False" />
            <line number="38" hits="2" branch="False" />
            <line number="39" hits="3" branch="False" />
            <line number="15" hits="1" branch="False" />
          </lines>
        </class>
        <class name="FlightDex.Booking.Infrastructure.Persistence.BookingDbContext" filename="FlightDex.Booking.Infrastructure\Persistence\BookingDbContext.cs" line-rate="0" branch-rate="1" complexity="4">
          <methods>
            <method name="get_Users" signature="()" line-rate="0" branch-rate="1" complexity="1">
              <lines>
                <line number="12" hits="0" branch="False" />
              </lines>
            </method>
            <method name="get_Tickets" signature="()" line-rate="0" branch-rate="1" complexity="1">
              <lines>
                <line number="13" hits="0" branch="False" />
              </lines>
            </method>
            <method name="OnModelCreating" signature="(Microsoft.EntityFrameworkCore.ModelBuilder)" line-rate="0" branch-rate="1" complexity="1">
              <lines>
                <line number="16" hits="0" branch="False" />
                <line number="17" hits="0" branch="False" />
                <line number="18" hits="0" branch="False" />
              </lines>
            </method>
            <method name=".ctor" signature="(Microsoft.EntityFrameworkCore.DbContextOptions`1&lt;FlightDex.Booking.Infrastructure.Persistence.BookingDbContext&gt;)" line-rate="0" branch-rate="1" complexity="1">
              <lines>
                <line number="10" hits="0" branch="False" />
              </lines>
            </method>
          </methods>
          <lines>
            <line number="12" hits="0" branch="False" />
            <line number="13" hits="0" branch="False" />
            <line number="16" hits="0" branch="False" />
            <line number="17" hits="0" branch="False" />
            <line number="18" hits="0" branch="False" />
            <line number="10" hits="0" branch="False" />
          </lines>
        </class>
        <class name="FlightDex.Booking.Infrastructure.Persistence.BookingDbContextFactory" filename="FlightDex.Booking.Infrastructure\Persistence\BookingDbContextFactory.cs" line-rate="0" branch-rate="0" complexity="2">
          <methods>
            <method name="CreateDbContext" signature="(System.String[])" line-rate="0" branch-rate="0" complexity="2">
              <lines>
                <line number="14" hits="0" branch="False" />
                <line number="16" hits="0" branch="False" />
                <line number="17" hits="0" branch="False" />
                <line number="19" hits="0" branch="False" />
                <line number="20" hits="0" branch="False" />
                <line number="21" hits="0" branch="False" />
                <line number="22" hits="0" branch="False" />
                <line number="23" hits="0" branch="False" />
                <line number="24" hits="0" branch="False" />
                <line number="26" hits="0" branch="True" condition-coverage="0% (0/2)">
                  <conditions>
                    <condition number="83" type="jump" coverage="0%" />
                  </conditions>
                </line>
                <line number="27" hits="0" branch="False" />
                <line number="28" hits="0" branch="False" />
                <line number="30" hits="0" branch="False" />
                <line number="31" hits="0" branch="False" />
                <line number="32" hits="0" branch="False" />
                <line number="34" hits="0" branch="False" />
                <line number="35" hits="0" branch="False" />
              </lines>
            </method>
          </methods>
          <lines>
            <line number="14" hits="0" branch="False" />
            <line number="16" hits="0" branch="False" />
            <line number="17" hits="0" branch="False" />
            <line number="19" hits="0" branch="False" />
            <line number="20" hits="0" branch="False" />
            <line number="21" hits="0" branch="False" />
            <line number="22" hits="0" branch="False" />
            <line number="23" hits="0" branch="False" />
            <line number="24" hits="0" branch="False" />
            <line number="26" hits="0" branch="True" condition-coverage="0% (0/2)">
              <conditions>
                <condition number="83" type="jump" coverage="0%" />
              </conditions>
            </line>
            <line number="27" hits="0" branch="False" />
            <line number="28" hits="0" branch="False" />
            <line number="30" hits="0" branch="False" />
            <line number="31" hits="0" branch="False" />
            <line number="32" hits="0" branch="False" />
            <line number="34" hits="0" branch="False" />
            <line number="35" hits="0" branch="False" />
          </lines>
        </class>
        <class name="FlightDex.Booking.Infrastructure.Persistence.TicketRepository" filename="FlightDex.Booking.Infrastructure\Persistence\TicketRepository.cs" line-rate="0" branch-rate="1" complexity="2">
          <methods>
            <method name="GetByIdAsync" signature="(System.Int32,System.Threading.CancellationToken)" line-rate="0" branch-rate="1" complexity="1">
              <lines>
                <line number="23" hits="0" branch="False" />
              </lines>
            </method>
            <method name=".ctor" signature="(FlightDex.Booking.Infrastructure.Persistence.BookingDbContext)" line-rate="0" branch-rate="1" complexity="1">
              <lines>
                <line number="7" hits="0" branch="False" />
              </lines>
            </method>
          </methods>
          <lines>
            <line number="23" hits="0" branch="False" />
            <line number="7" hits="0" branch="False" />
          </lines>
        </class>
        <class name="FlightDex.Booking.Infrastructure.Persistence.TicketRepository/&lt;AddAsync&gt;d__2" filename="FlightDex.Booking.Infrastructure\Persistence\TicketRepository.cs" line-rate="0" branch-rate="1" complexity="1">
          <methods>
            <method name="MoveNext" signature="()" line-rate="0" branch-rate="1" complexity="1">
              <lines>
                <line number="10" hits="0" branch="False" />
                <line number="11" hits="0" branch="False" />
                <line number="12" hits="0" branch="False" />
                <line number="13" hits="0" branch="False" />
              </lines>
            </method>
          </methods>
          <lines>
            <line number="10" hits="0" branch="False" />
            <line number="11" hits="0" branch="False" />
            <line number="12" hits="0" branch="False" />
            <line number="13" hits="0" branch="False" />
          </lines>
        </class>
        <class name="FlightDex.Booking.Infrastructure.Persistence.TicketRepository/&lt;GetByUserAsync&gt;d__3" filename="FlightDex.Booking.Infrastructure\Persistence\TicketRepository.cs" line-rate="0" branch-rate="1" complexity="1">
          <methods>
            <method name="MoveNext" signature="()" line-rate="0" branch-rate="1" complexity="1">
              <lines>
                <line number="16" hits="0" branch="False" />
                <line number="17" hits="0" branch="False" />
                <line number="18" hits="0" branch="False" />
                <line number="19" hits="0" branch="False" />
              </lines>
            </method>
          </methods>
          <lines>
            <line number="16" hits="0" branch="False" />
            <line number="17" hits="0" branch="False" />
            <line number="18" hits="0" branch="False" />
            <line number="19" hits="0" branch="False" />
          </lines>
        </class>
        <class name="FlightDex.Booking.Infrastructure.Persistence.TicketRepository/&lt;RemoveAsync&gt;d__5" filename="FlightDex.Booking.Infrastructure\Persistence\TicketRepository.cs" line-rate="0" branch-rate="1" complexity="1">
          <methods>
            <method name="MoveNext" signature="()" line-rate="0" branch-rate="1" complexity="1">
              <lines>
                <line number="26" hits="0" branch="False" />
                <line number="27" hits="0" branch="False" />
                <line number="28" hits="0" branch="False" />
                <line number="29" hits="0" branch="False" />
              </lines>
            </method>
          </methods>
          <lines>
            <line number="26" hits="0" branch="False" />
            <line number="27" hits="0" branch="False" />
            <line number="28" hits="0" branch="False" />
            <line number="29" hits="0" branch="False" />
          </lines>
        </class>
        <class name="FlightDex.Booking.Infrastructure.Persistence.UserRepository" filename="FlightDex.Booking.Infrastructure\Persistence\UserRepository.cs" line-rate="0" branch-rate="1" complexity="4">
          <methods>
            <method name="GetByEmailAsync" signature="(System.String,System.Threading.CancellationToken)" line-rate="0" branch-rate="1" complexity="1">
              <lines>
                <line number="10" hits="0" branch="False" />
              </lines>
            </method>
            <method name="GetByIdAsync" signature="(System.Int32,System.Threading.CancellationToken)" line-rate="0" branch-rate="1" complexity="1">
              <lines>
                <line number="13" hits="0" branch="False" />
              </lines>
            </method>
            <method name="EmailExistsAsync" signature="(System.String,System.Threading.CancellationToken)" line-rate="0" branch-rate="1" complexity="1">
              <lines>
                <line number="16" hits="0" branch="False" />
              </lines>
            </method>
            <method name=".ctor" signature="(FlightDex.Booking.Infrastructure.Persistence.BookingDbContext)" line-rate="0" branch-rate="1" complexity="1">
              <lines>
                <line number="7" hits="0" branch="False" />
              </lines>
            </method>
          </methods>
          <lines>
            <line number="10" hits="0" branch="False" />
            <line number="13" hits="0" branch="False" />
            <line number="16" hits="0" branch="False" />
            <line number="7" hits="0" branch="False" />
          </lines>
        </class>
        <class name="FlightDex.Booking.Infrastructure.Persistence.UserRepository/&lt;AddAsync&gt;d__5" filename="FlightDex.Booking.Infrastructure\Persistence\UserRepository.cs" line-rate="0" branch-rate="1" complexity="1">
          <methods>
            <method name="MoveNext" signature="()" line-rate="0" branch-rate="1" complexity="1">
              <lines>
                <line number="19" hits="0" branch="False" />
                <line number="20" hits="0" branch="False" />
                <line number="21" hits="0" branch="False" />
                <line number="22" hits="0" branch="False" />
              </lines>
            </method>
          </methods>
          <lines>
            <line number="19" hits="0" branch="False" />
            <line number="20" hits="0" branch="False" />
            <line number="21" hits="0" branch="False" />
            <line number="22" hits="0" branch="False" />
          </lines>
        </class>
        <class name="FlightDex.Booking.Infrastructure.Persistence.Migrations.InitialCreate" filename="FlightDex.Booking.Infrastructure\Persistence\Migrations\20260624115903_InitialCreate.cs" line-rate="0" branch-rate="1" complexity="2">
          <methods>
            <method name="Up" signature="(Microsoft.EntityFrameworkCore.Migrations.MigrationBuilder)" line-rate="0" branch-rate="1" complexity="1">
              <lines>
                <line number="13" hits="0" branch="False" />
                <line number="14" hits="0" branch="False" />
                <line number="15" hits="0" branch="False" />
                <line number="16" hits="0" branch="False" />
                <line number="17" hits="0" branch="False" />
                <line number="18" hits="0" branch="False" />
                <line number="19" hits="0" branch="False" />
                <line number="20" hits="0" branch="False" />
                <line number="21" hits="0" branch="False" />
                <line number="22" hits="0" branch="False" />
                <line number="23" hits="0" branch="False" />
                <line number="24" hits="0" branch="False" />
                <line number="25" hits="0" branch="False" />
                <line number="26" hits="0" branch="False" />
                <line number="27" hits="0" branch="False" />
                <line number="28" hits="0" branch="False" />
                <line number="29" hits="0" branch="False" />
                <line number="30" hits="0" branch="False" />
                <line number="31" hits="0" branch="False" />
                <line number="32" hits="0" branch="False" />
                <line number="33" hits="0" branch="False" />
                <line number="34" hits="0" branch="False" />
                <line number="35" hits="0" branch="False" />
                <line number="36" hits="0" branch="False" />
                <line number="38" hits="0" branch="False" />
                <line number="39" hits="0" branch="False" />
                <line number="40" hits="0" branch="False" />
                <line number="41" hits="0" branch="False" />
                <line number="42" hits="0" branch="False" />
                <line number="43" hits="0" branch="False" />
                <line number="44" hits="0" branch="False" />
                <line number="45" hits="0" branch="False" />
                <line number="46" hits="0" branch="False" />
                <line number="47" hits="0" branch="False" />
                <line number="48" hits="0" branch="False" />
                <line number="49" hits="0" branch="False" />
                <line number="50" hits="0" branch="False" />
                <line number="51" hits="0" branch="False" />
                <line number="52" hits="0" branch="False" />
                <line number="53" hits="0" branch="False" />
                <line number="54" hits="0" branch="False" />
                <line number="55" hits="0" branch="False" />
                <line number="56" hits="0" branch="False" />
                <line number="58" hits="0" branch="False" />
                <line number="59" hits="0" branch="False" />
                <line number="60" hits="0" branch="False" />
                <line number="61" hits="0" branch="False" />
                <line number="63" hits="0" branch="False" />
                <line number="64" hits="0" branch="False" />
                <line number="65" hits="0" branch="False" />
                <line number="66" hits="0" branch="False" />
                <line number="67" hits="0" branch="False" />
                <line number="68" hits="0" branch="False" />
              </lines>
            </method>
            <method name="Down" signature="(Microsoft.EntityFrameworkCore.Migrations.MigrationBuilder)" line-rate="0" branch-rate="1" complexity="1">
              <lines>
                <line number="72" hits="0" branch="False" />
                <line number="73" hits="0" branch="False" />
                <line number="74" hits="0" branch="False" />
                <line number="76" hits="0" branch="False" />
                <line number="77" hits="0" branch="False" />
                <line number="78" hits="0" branch="False" />
              </lines>
            </method>
          </methods>
          <lines>
            <line number="13" hits="0" branch="False" />
            <line number="14" hits="0" branch="False" />
            <line number="15" hits="0" branch="False" />
            <line number="16" hits="0" branch="False" />
            <line number="17" hits="0" branch="False" />
            <line number="18" hits="0" branch="False" />
            <line number="19" hits="0" branch="False" />
            <line number="20" hits="0" branch="False" />
            <line number="21" hits="0" branch="False" />
            <line number="22" hits="0" branch="False" />
            <line number="23" hits="0" branch="False" />
            <line number="24" hits="0" branch="False" />
            <line number="25" hits="0" branch="False" />
            <line number="26" hits="0" branch="False" />
            <line number="27" hits="0" branch="False" />
            <line number="28" hits="0" branch="False" />
            <line number="29" hits="0" branch="False" />
            <line number="30" hits="0" branch="False" />
            <line number="31" hits="0" branch="False" />
            <line number="32" hits="0" branch="False" />
            <line number="33" hits="0" branch="False" />
            <line number="34" hits="0" branch="False" />
            <line number="35" hits="0" branch="False" />
            <line number="36" hits="0" branch="False" />
            <line number="38" hits="0" branch="False" />
            <line number="39" hits="0" branch="False" />
            <line number="40" hits="0" branch="False" />
            <line number="41" hits="0" branch="False" />
            <line number="42" hits="0" branch="False" />
[...]
            </method>
          </methods>
          <lines>
            <line number="7" hits="0" branch="False" />
          </lines>
        </class>
        <class name="FlightDex.Flights.Application.Abstractions.FlightQuerySpec" filename="FlightDex.Flights.Application\Abstractions\FlightQuerySpec.cs" line-rate="0.25" branch-rate="1" complexity="8">
          <methods>
            <method name="get_Direction" signature="()" line-rate="0" branch-rate="1" complexity="1">
              <lines>
                <line number="11" hits="0" branch="False" />
              </lines>
            </method>
            <method name="get_Airport" signature="()" line-rate="0" branch-rate="1" complexity="1">
              <lines>
                <line number="12" hits="0" branch="False" />
              </lines>
            </method>
            <method name="get_CounterpartTerm" signature="()" line-rate="0" branch-rate="1" complexity="1">
              <lines>
                <line number="13" hits="0" branch="False" />
              </lines>
            </method>
            <method name="get_TimeAfter" signature="()" line-rate="0" branch-rate="1" complexity="1">
              <lines>
                <line number="14" hits="0" branch="False" />
              </lines>
            </method>
            <method name="get_TimeBefore" signature="()" line-rate="0" branch-rate="1" complexity="1">
              <lines>
                <line number="15" hits="0" branch="False" />
              </lines>
            </method>
            <method name="get_Page" signature="()" line-rate="0" branch-rate="1" complexity="1">
              <lines>
                <line number="16" hits="0" branch="False" />
              </lines>
            </method>
            <method name="get_PageSize" signature="()" line-rate="1" branch-rate="1" complexity="1">
              <lines>
                <line number="17" hits="2" branch="False" />
              </lines>
            </method>
            <method name=".ctor" signature="(FlightDex.Flights.Domain.FlightDirection,System.String,System.String,System.Nullable`1&lt;System.TimeOnly&gt;,System.Nullable`1&lt;System.TimeOnly&gt;,System.Int32,System.Int32)" line-rate="1" branch-rate="1" complexity="1">
              <lines>
                <line number="10" hits="2" branch="False" />
              </lines>
            </method>
          </methods>
          <lines>
            <line number="11" hits="0" branch="False" />
            <line number="12" hits="0" branch="False" />
            <line number="13" hits="0" branch="False" />
            <line number="14" hits="0" branch="False" />
            <line number="15" hits="0" branch="False" />
            <line number="16" hits="0" branch="False" />
            <line number="17" hits="2" branch="False" />
            <line number="10" hits="2" branch="False" />
          </lines>
        </class>
      </classes>
    </package>
    <package name="FlightDex.Flights.Domain" line-rate="0.7173" branch-rate="1" complexity="19">
      <classes>
        <class name="FlightDex.Flights.Domain.Flight" filename="FlightDex.Flights.Domain\Flight.cs" line-rate="0.9428" branch-rate="1" complexity="13">
          <methods>
            <method name="get_Id" signature="()" line-rate="0" branch-rate="1" complexity="1">
              <lines>
                <line number="11" hits="0" branch="False" />
              </lines>
            </method>
            <method name="get_Airport" signature="()" line-rate="1" branch-rate="1" complexity="1">
              <lines>
                <line number="14" hits="17" branch="False" />
              </lines>
            </method>
            <method name="get_Direction" signature="()" line-rate="1" branch-rate="1" complexity="1">
              <lines>
                <line number="16" hits="14" branch="False" />
              </lines>
            </method>
            <method name="get_ScheduledTime" signature="()" line-rate="1" branch-rate="1" complexity="1">
              <lines>
                <line number="19" hits="14" branch="False" />
              </lines>
            </method>
            <method name="get_AirlineCode" signature="()" line-rate="1" branch-rate="1" complexity="1">
              <lines>
                <line number="21" hits="17" branch="False" />
              </lines>
            </method>
            <method name="get_Airline" signature="()" line-rate="1" branch-rate="1" complexity="1">
              <lines>
                <line number="22" hits="21" branch="False" />
              </lines>
            </method>
            <method name="get_CounterpartAirport" signature="()" line-rate="1" branch-rate="1" complexity="1">
              <lines>
                <line number="25" hits="21" branch="False" />
              </lines>
            </method>
            <method name="get_CounterpartCode" signature="()" line-rate="1" branch-rate="1" complexity="1">
              <lines>
                <line number="28" hits="21" branch="False" />
              </lines>
            </method>
            <method name="get_CounterpartCity" signature="()" line-rate="1" branch-rate="1" complexity="1">
              <lines>
                <line number="31" hits="21" branch="False" />
              </lines>
            </method>
            <method name="get_FlightCode" signature="()" line-rate="1" branch-rate="1" complexity="1">
              <lines>
                <line number="33" hits="21" branch="False" />
              </lines>
            </method>
            <method name="get_Duration" signature="()" line-rate="1" branch-rate="1" complexity="1">
              <lines>
                <line number="36" hits="17" branch="False" />
              </lines>
            </method>
            <method name=".ctor" signature="()" line-rate="0" branch-rate="1" complexity="1">
              <lines>
                <line number="38" hits="0" branch="False" />
              </lines>
            </method>
            <method name=".ctor" signature="(System.String,FlightDex.Flights.Domain.FlightDirection,System.TimeOnly,System.String,System.String,System.String,System.String,System.String,System.String,System.String)" line-rate="1" branch-rate="1" complexity="1">
              <lines>
                <line number="40" hits="7" branch="False" />
                <line number="41" hits="7" branch="False" />
                <line number="42" hits="7" branch="False" />
                <line number="43" hits="7" branch="False" />
                <line number="44" hits="7" branch="False" />
                <line number="45" hits="7" branch="False" />
                <line number="46" hits="7" branch="False" />
                <line number="47" hits="7" branch="False" />
                <line number="48" hits="7" branch="False" />
                <line number="49" hits="7" branch="False" />
                <line number="50" hits="7" branch="False" />
                <line number="51" hits="7" branch="False" />
                <line number="52" hits="7" branch="False" />
                <line number="53" hits="7" branch="False" />
                <line number="54" hits="7" branch="False" />
                <line number="55" hits="7" branch="False" />
                <line number="56" hits="7" branch="False" />
                <line number="57" hits="7" branch="False" />
                <line number="58" hits="7" branch="False" />
                <line number="59" hits="7" branch="False" />
                <line number="60" hits="7" branch="False" />
                <line number="61" hits="7" branch="False" />
                <line number="62" hits="7" branch="False" />
              </lines>
            </method>
          </methods>
          <lines>
            <line number="11" hits="0" branch="False" />
            <line number="14" hits="17" branch="False" />
            <line number="16" hits="14" branch="False" />
            <line number="19" hits="14" branch="False" />
            <line number="21" hits="17" branch="False" />
            <line number="22" hits="21" branch="False" />
            <line number="25" hits="21" branch="False" />
            <line number="28" hits="21" branch="False" />
            <line number="31" hits="21" branch="False" />
            <line number="33" hits="21" branch="False" />
            <line number="36" hits="17" branch="False" />
            <line number="38" hits="0" branch="False" />
            <line number="40" hits="7" branch="False" />
            <line number="41" hits="7" branch="False" />
            <line number="42" hits="7" branch="False" />
            <line number="43" hits="7" branch="False" />
            <line number="44" hits="7" branch="False" />
            <line number="45" hits="7" branch="False" />
            <line number="46" hits="7" branch="False" />
            <line number="47" hits="7" branch="False" />
            <line number="48" hits="7" branch="False" />
            <line number="49" hits="7" branch="False" />
            <line number="50" hits="7" branch="False" />
            <line number="51" hits="7" branch="False" />
            <line number="52" hits="7" branch="False" />
            <line number="53" hits="7" branch="False" />
            <line number="54" hits="7" branch="False" />
            <line number="55" hits="7" branch="False" />
            <line number="56" hits="7" branch="False" />
            <line number="57" hits="7" branch="False" />
            <line number="58" hits="7" branch="False" />
            <line number="59" hits="7" branch="False" />
            <line number="60" hits="7" branch="False" />
            <line number="61" hits="7" branch="False" />
            <line number="62" hits="7" branch="False" />
          </lines>
        </class>
        <class name="FlightDex.Flights.Domain.Location" filename="FlightDex.Flights.Domain\Location.cs" line-rate="0" branch-rate="1" complexity="6">
          <methods>
            <method name="get_Id" signature="()" line-rate="0" branch-rate="1" complexity="1">
              <lines>
                <line number="11" hits="0" branch="False" />
              </lines>
            </method>
            <method name="get_Code" signature="()" line-rate="0" branch-rate="1" complexity="1">
              <lines>
                <line number="14" hits="0" branch="False" />
              </lines>
            </method>
            <method name="get_Name" signature="()" line-rate="0" branch-rate="1" complexity="1">
              <lines>
                <line number="17" hits="0" branch="False" />
              </lines>
            </method>
            <method name="get_City" signature="()" line-rate="0" branch-rate="1" complexity="1">
              <lines>
                <line number="20" hits="0" branch="False" />
              </lines>
            </method>
            <method name=".ctor" signature="()" line-rate="0" branch-rate="1" complexity="1">
              <lines>
                <line number="22" hits="0" branch="False" />
              </lines>
            </method>
            <method name=".ctor" signature="(System.String,System.String,System.String)" line-rate="0" branch-rate="1" complexity="1">
              <lines>
                <line number="24" hits="0" branch="False" />
                <line number="25" hits="0" branch="False" />
                <line number="26" hits="0" branch="False" />
                <line number="27" hits="0" branch="False" />
                <line number="28" hits="0" branch="False" />
                <line number="29" hits="0" branch="False" />
              </lines>
            </method>
          </methods>
          <lines>
            <line number="11" hits="0" branch="False" />
            <line number="14" hits="0" branch="False" />
            <line number="17" hits="0" branch="False" />
            <line number="20" hits="0" branch="False" />
            <line number="22" hits="0" branch="False" />
            <line number="24" hits="0" branch="False" />
            <line number="25" hits="0" branch="False" />
            <line number="26" hits="0" branch="False" />
            <line number="27" hits="0" branch="False" />
            <line number="28" hits="0" branch="False" />
            <line number="29" hits="0" branch="False" />
          </lines>
        </class>
      </classes>
    </package>
    <package name="FlightDex.SharedKernel" line-rate="0.2758" branch-rate="1" complexity="14">
      <classes>
        <class name="FlightDex.SharedKernel.Paging.PagedResult`1" filename="FlightDex.SharedKernel\Paging\PagedResult.cs" line-rate="1" branch-rate="1" complexity="9">
          <methods>
            <method name="get_Items" signature="()" line-rate="1" branch-rate="1" complexity="1">
              <lines>
                <line number="8" hits="4" branch="False" />
              </lines>
            </method>
            <method name="get_Page" signature="()" line-rate="1" branch-rate="1" complexity="1">
              <lines>
                <line number="9" hits="8" branch="False" />
              </lines>
            </method>
            <method name="get_PageSize" signature="()" line-rate="1" branch-rate="1" complexity="1">
              <lines>
                <line number="10" hits="20" branch="False" />
              </lines>
            </method>
            <method name="get_TotalCount" signature="()" line-rate="1" branch-rate="1" complexity="1">
              <lines>
                <line number="11" hits="25" branch="False" />
              </lines>
            </method>
            <method name="get_TotalPages" signature="()" line-rate="1" branch-rate="1" complexity="2">
              <lines>
                <line number="13" hits="9" branch="True" condition-coverage="100% (2/2)">
                  <conditions>
                    <condition number="7" type="jump" coverage="100%" />
                  </conditions>
                </line>
              </lines>
            </method>
            <method name="get_HasPrevious" signature="()" line-rate="1" branch-rate="1" complexity="1">
              <lines>
                <line number="14" hits="2" branch="False" />
              </lines>
            </method>
            <method name="get_HasNext" signature="()" line-rate="1" branch-rate="1" complexity="1">
              <lines>
                <line number="15" hits="3" branch="False" />
              </lines>
            </method>
            <method name=".ctor" signature="(System.Collections.Generic.IReadOnlyList`1&lt;T&gt;,System.Int32,System.Int32,System.Int32)" line-rate="1" branch-rate="1" complexity="1">
              <lines>
                <line number="7" hits="14" branch="False" />
              </lines>
            </method>
          </methods>
          <lines>
            <line number="8" hits="4" branch="False" />
            <line number="9" hits="8" branch="False" />
            <line number="10" hits="20" branch="False" />
            <line number="11" hits="25" branch="False" />
            <line number="13" hits="9" branch="True" condition-coverage="100% (2/2)">
              <conditions>
                <condition number="7" type="jump" coverage="100%" />
              </conditions>
            </line>
            <line number="14" hits="2" branch="False" />
            <line number="15" hits="3" branch="False" />
            <line number="7" hits="14" branch="False" />
          </lines>
        </class>
        <class name="FlightDex.SharedKernel.Cqrs.CommandDispatcher" filename="FlightDex.SharedKernel\Cqrs\CommandDispatcher.cs" line-rate="0" branch-rate="1" complexity="2">
          <methods>
            <method name="DispatchAsync" signature="(FlightDex.SharedKernel.Cqrs.ICommand`1&lt;TResult&gt;,System.Threading.CancellationToken)" line-rate="0" branch-rate="1" complexity="1">
              <lines>
                <line number="12" hits="0" branch="False" />
                <line number="13" hits="0" branch="False" />
                <line number="15" hits="0" branch="False" />
                <line number="16" hits="0" branch="False" />
                <line number="20" hits="0" branch="False" />
                <line number="21" hits="0" branch="False" />
                <line number="22" hits="0" branch="False" />
              </lines>
            </method>
            <method name=".ctor" signature="(System.IServiceProvider)" line-rate="0" branch-rate="1" complexity="1">
              <lines>
                <line number="9" hits="0" branch="False" />
              </lines>
            </method>
          </methods>
          <lines>
            <line number="12" hits="0" branch="False" />
            <line number="13" hits="0" branch="False" />
            <line number="15" hits="0" branch="False" />
            <line number="16" hits="0" branch="False" />
            <line number="20" hits="0" branch="False" />
            <line number="21" hits="0" branch="False" />
            <line number="22" hits="0" branch="False" />
            <line number="9" hits="0" branch="False" />
          </lines>
        </class>
        <class name="FlightDex.SharedKernel.Cqrs.QueryDispatcher" filename="FlightDex.SharedKernel\Cqrs\QueryDispatcher.cs" line-rate="0" branch-rate="1" complexity="2">
          <methods>
            <method name="DispatchAsync" signature="(FlightDex.SharedKernel.Cqrs.IQuery`1&lt;TResult&gt;,System.Threading.CancellationToken)" line-rate="0" branch-rate="1" complexity="1">
              <lines>
                <line number="12" hits="0" branch="False" />
                <line number="13" hits="0" branch="False" />
                <line number="15" hits="0" branch="False" />
                <line number="16" hits="0" branch="False" />
                <line number="20" hits="0" branch="False" />
                <line number="21" hits="0" branch="False" />
                <line number="22" hits="0" branch="False" />
              </lines>
            </method>
            <method name=".ctor" signature="(System.IServiceProvider)" line-rate="0" branch-rate="1" complexity="1">
              <lines>
                <line number="9" hits="0" branch="False" />
              </lines>
            </method>
          </methods>
          <lines>
            <line number="12" hits="0" branch="False" />
            <line number="13" hits="0" branch="False" />
            <line number="15" hits="0" branch="False" />
            <line number="16" hits="0" branch="False" />
            <line number="20" hits="0" branch="False" />
            <line number="21" hits="0" branch="False" />
            <line number="22" hits="0" branch="False" />
            <line number="9" hits="0" branch="False" />
          </lines>
        </class>
        <class name="FlightDex.SharedKernel.Cqrs.SharedKernelServiceCollectionExtensions" filename="FlightDex.SharedKernel\Cqrs\SharedKernelServiceCollectionExtensions.cs" line-rate="0" branch-rate="1" complexity="1">
          <methods>
            <method name="AddCqrs" signature="(Microsoft.Extensions.DependencyInjection.IServiceCollection)" line-rate="0" branch-rate="1" complexity="1">
              <lines>
                <line number="12" hits="0" branch="False" />
                <line number="13" hits="0" branch="False" />
                <line number="14" hits="0" branch="False" />
                <line number="15" hits="0" branch="False" />
                <line number="16" hits="0" branch="False" />
              </lines>
            </method>
          </methods>
          <lines>
            <line number="12" hits="0" branch="False" />
            <line number="13" hits="0" branch="False" />
            <line number="14" hits="0" branch="False" />
            <line number="15" hits="0" branch="False" />
            <line number="16" hits="0" branch="False" />
          </lines>
        </class>
      </classes>
    </package>
  </packages>
</coverage>